[debug] [2022-07-29T23:17:34.008Z] ----------------------------------------------------------------------
[debug] [2022-07-29T23:17:34.010Z] Command:       C:\Program Files\nodejs\node.exe C:\Users\jbedf\AppData\Roaming\npm\node_modules\firebase-tools\lib\bin\firebase.js init
[debug] [2022-07-29T23:17:34.011Z] CLI Version:   11.4.0
[debug] [2022-07-29T23:17:34.011Z] Platform:      win32
[debug] [2022-07-29T23:17:34.011Z] Node Version:  v16.16.0
[debug] [2022-07-29T23:17:34.012Z] Time:          Fri Jul 29 2022 19:17:34 GMT-0400 (Eastern Daylight Time)
[debug] [2022-07-29T23:17:34.012Z] ----------------------------------------------------------------------
[debug] 
[debug] [2022-07-29T23:17:34.018Z] > command requires scopes: ["email","openid","https://www.googleapis.com/auth/cloudplatformprojects.readonly","https://www.googleapis.com/auth/firebase","https://www.googleapis.com/auth/cloud-platform"]
[debug] [2022-07-29T23:17:34.019Z] > authorizing via signed-in user (jasperswashing@gmail.com)
[info] 
     ######## #### ########  ######## ########     ###     ######  ########
     ##        ##  ##     ## ##       ##     ##  ##   ##  ##       ##
     ######    ##  ########  ######   ########  #########  ######  ######
     ##        ##  ##    ##  ##       ##     ## ##     ##       ## ##
     ##       #### ##     ## ######## ########  ##     ##  ######  ########

You're about to initialize a Firebase project in this directory:

  C:\Users\jbedf\OneDrive\Desktop\projects\jasperpressure

[info] 
=== Project Setup
[info] 
[info] First, let's associate this project directory with a Firebase project.
[info] You can create multiple project aliases by running firebase use --add, 
[info] but for now we'll just set up a default project.
[info] 
[info] i  If you want to create a project in a Google Cloud organization or folder, please use "firebase projects:create" instead, and return to this command when you've created the project. 
[debug] [2022-07-29T23:18:32.779Z] >>> [apiv2][query] POST https://cloudresourcemanager.googleapis.com/v1/projects [none]
[debug] [2022-07-29T23:18:32.780Z] >>> [apiv2][body] POST https://cloudresourcemanager.googleapis.com/v1/projects {"projectId":"pressure","name":"washing"}
[debug] [2022-07-29T23:18:33.096Z] <<< [apiv2][status] POST https://cloudresourcemanager.googleapis.com/v1/projects 409
[debug] [2022-07-29T23:18:33.096Z] <<< [apiv2][body] POST https://cloudresourcemanager.googleapis.com/v1/projects {"error":{"code":409,"message":"Requested entity already exists","status":"ALREADY_EXISTS"}}
[debug] [2022-07-29T23:18:33.189Z] FirebaseError: HTTP Error: 409, Requested entity already exists
    at responseToError (C:\Users\jbedf\AppData\Roaming\npm\node_modules\firebase-tools\lib\responseToError.js:49:12)
    at RetryOperation._fn (C:\Users\jbedf\AppData\Roaming\npm\node_modules\firebase-tools\lib\apiv2.js:288:77)
    at processTicksAndRejections (node:internal/process/task_queues:96:5)
[error] 
[error] Error: Failed to create project because there is already a project with ID pressure. Please try again with a unique project ID.
[debug] [2022-07-29T23:18:55.134Z] ----------------------------------------------------------------------
[debug] [2022-07-29T23:18:55.136Z] Command:       C:\Program Files\nodejs\node.exe C:\Users\jbedf\AppData\Roaming\npm\node_modules\firebase-tools\lib\bin\firebase.js init
[debug] [2022-07-29T23:18:55.136Z] CLI Version:   11.4.0
[debug] [2022-07-29T23:18:55.136Z] Platform:      win32
[debug] [2022-07-29T23:18:55.136Z] Node Version:  v16.16.0
[debug] [2022-07-29T23:18:55.137Z] Time:          Fri Jul 29 2022 19:18:55 GMT-0400 (Eastern Daylight Time)
[debug] [2022-07-29T23:18:55.137Z] ----------------------------------------------------------------------
[debug] 
[debug] [2022-07-29T23:18:55.144Z] > command requires scopes: ["email","openid","https://www.googleapis.com/auth/cloudplatformprojects.readonly","https://www.googleapis.com/auth/firebase","https://www.googleapis.com/auth/cloud-platform"]
[debug] [2022-07-29T23:18:55.144Z] > authorizing via signed-in user (jasperswashing@gmail.com)
[info] 
     ######## #### ########  ######## ########     ###     ######  ########
     ##        ##  ##     ## ##       ##     ##  ##   ##  ##       ##
     ######    ##  ########  ######   ########  #########  ######  ######
     ##        ##  ##    ##  ##       ##     ## ##     ##       ## ##
     ##       #### ##     ## ######## ########  ##     ##  ######  ########

You're about to initialize a Firebase project in this directory:

  C:\Users\jbedf\OneDrive\Desktop\projects\jasperpressure

[info] 
=== Project Setup
[info] 
[info] First, let's associate this project directory with a Firebase project.
[info] You can create multiple project aliases by running firebase use --add, 
[info] but for now we'll just set up a default project.
[info] 
[info] i  If you want to create a project in a Google Cloud organization or folder, please use "firebase projects:create" instead, and return to this command when you've created the project. 
[debug] [2022-07-29T23:19:33.519Z] >>> [apiv2][query] POST https://cloudresourcemanager.googleapis.com/v1/projects [none]
[debug] [2022-07-29T23:19:33.519Z] >>> [apiv2][body] POST https://cloudresourcemanager.googleapis.com/v1/projects {"projectId":"pressure7271","name":"washing"}
[debug] [2022-07-29T23:19:33.903Z] <<< [apiv2][status] POST https://cloudresourcemanager.googleapis.com/v1/projects 200
[debug] [2022-07-29T23:19:33.903Z] <<< [apiv2][body] POST https://cloudresourcemanager.googleapis.com/v1/projects {"name":"operations/cp.8246514219124534780"}
[debug] [2022-07-29T23:19:33.904Z] >>> [apiv2][query] GET https://cloudresourcemanager.googleapis.com/v1/operations/cp.8246514219124534780 [none]
[debug] [2022-07-29T23:19:34.311Z] <<< [apiv2][status] GET https://cloudresourcemanager.googleapis.com/v1/operations/cp.8246514219124534780 200
[debug] [2022-07-29T23:19:34.311Z] <<< [apiv2][body] GET https://cloudresourcemanager.googleapis.com/v1/operations/cp.8246514219124534780 {"name":"operations/cp.8246514219124534780","metadata":{"@type":"type.googleapis.com/google.cloudresourcemanager.v1.ProjectCreationStatus","ready":true},"done":true,"error":{"code":9,"message":"Callers must accept Terms of Service","details":[{"@type":"type.googleapis.com/google.rpc.PreconditionFailure","violations":[{"type":"TOS","subject":"cloud","description":"Callers must accept Terms of Service"}]}]}}
[debug] [2022-07-29T23:19:34.403Z] FirebaseError: Callers must accept Terms of Service
    at OperationPoller.poll (C:\Users\jbedf\AppData\Roaming\npm\node_modules\firebase-tools\lib\operation-poller.js:24:19)
    at processTicksAndRejections (node:internal/process/task_queues:96:5)
    at async createCloudProject (C:\Users\jbedf\AppData\Roaming\npm\node_modules\firebase-tools\lib\management\projects.js:186:29)
    at async createFirebaseProjectAndLog (C:\Users\jbedf\AppData\Roaming\npm\node_modules\firebase-tools\lib\management\projects.js:45:9)
    at async promptAndCreateNewProject (C:\Users\jbedf\AppData\Roaming\npm\node_modules\firebase-tools\lib\init\features\project.js:32:12)
    at async doSetup (C:\Users\jbedf\AppData\Roaming\npm\node_modules\firebase-tools\lib\init\features\project.js:88:27)
    at async init (C:\Users\jbedf\AppData\Roaming\npm\node_modules\firebase-tools\lib\init\index.js:36:9)
[error] 
[error] Error: Failed to create project. See firebase-debug.log for more info.
